<?xml version="1.0" encoding="UTF-8"?>
<testng-results ignored="2" total="3" passed="0" failed="0" skipped="1">
  <reporter-output>
  </reporter-output>
  <suite started-at="2022-09-12T09:24:11 CEST" name="Default suite" finished-at="2022-09-12T09:24:14 CEST" duration-ms="3214">
    <groups>
    </groups>
    <test started-at="2022-09-12T09:24:11 CEST" name="Default test" finished-at="2022-09-12T09:24:14 CEST" duration-ms="3214">
      <class name="AinicioTestNG.EiTestResult">
        <test-method is-config="true" signature="beforeSuite()[pri:0, instance:AinicioTestNG.EiTestResult@1e04fa0a]" started-at="2022-09-12T09:24:11 CEST" name="beforeSuite" finished-at="2022-09-12T09:24:11 CEST" duration-ms="12" status="PASS">
          <reporter-output>
          </reporter-output>
        </test-method> <!-- beforeSuite -->
        <test-method is-config="true" signature="beforeTest()[pri:0, instance:AinicioTestNG.EiTestResult@1e04fa0a]" started-at="2022-09-12T09:24:11 CEST" name="beforeTest" finished-at="2022-09-12T09:24:11 CEST" duration-ms="0" status="PASS">
          <reporter-output>
          </reporter-output>
        </test-method> <!-- beforeTest -->
        <test-method is-config="true" signature="beforeClass()[pri:0, instance:AinicioTestNG.EiTestResult@1e04fa0a]" started-at="2022-09-12T09:24:11 CEST" name="beforeClass" finished-at="2022-09-12T09:24:14 CEST" duration-ms="3020" status="FAIL">
          <exception class="org.openqa.selenium.SessionNotCreatedException">
            <message>
              <![CDATA[session not created: This version of ChromeDriver only supports Chrome version 102
Current browser version is 105.0.5195.102 with binary path C:\Program Files (x86)\Google\Chrome\Application\chrome.exe
Build info: version: '3.141.59', revision: 'e82be7d358', time: '2018-11-14T08:17:03'
System info: host: 'MR26176P', ip: '192.168.1.34', os.name: 'Windows 10', os.arch: 'amd64', os.version: '10.0', java.version: '18.0.1'
Driver info: driver.version: ChromeDriver
remote stacktrace: Backtrace:
Ordinal0 [0x0061D953+2414931]
Ordinal0 [0x005AF5E1+1963489]
Ordinal0 [0x0049C6B8+837304]
Ordinal0 [0x004BCAE3+969443]
Ordinal0 [0x004B86FA+952058]
Ordinal0 [0x004B5FB1+942001]
Ordinal0 [0x004E9100+1151232]
Ordinal0 [0x004E8D5A+1150298]
Ordinal0 [0x004E42B6+1131190]
Ordinal0 [0x004BE860+976992]
Ordinal0 [0x004BF756+980822]
GetHandleVerifier [0x0088CC62+2510274]
GetHandleVerifier [0x0087F760+2455744]
GetHandleVerifier [0x006AEABA+551962]
GetHandleVerifier [0x006AD916+547446]
Ordinal0 [0x005B5F3B+1990459]
Ordinal0 [0x005BA898+2009240]
Ordinal0 [0x005BA985+2009477]
Ordinal0 [0x005C3AD1+2046673]
BaseThreadInitThunk [0x7568FA29+25]
RtlGetAppContainerNamedObjectPath [0x77717A9E+286]
RtlGetAppContainerNamedObjectPath [0x77717A6E+238]
]]>
            </message>
            <full-stacktrace>
              <![CDATA[org.openqa.selenium.SessionNotCreatedException: session not created: This version of ChromeDriver only supports Chrome version 102
Current browser version is 105.0.5195.102 with binary path C:\Program Files (x86)\Google\Chrome\Application\chrome.exe
Build info: version: '3.141.59', revision: 'e82be7d358', time: '2018-11-14T08:17:03'
System info: host: 'MR26176P', ip: '192.168.1.34', os.name: 'Windows 10', os.arch: 'amd64', os.version: '10.0', java.version: '18.0.1'
Driver info: driver.version: ChromeDriver
remote stacktrace: Backtrace:
Ordinal0 [0x0061D953+2414931]
Ordinal0 [0x005AF5E1+1963489]
Ordinal0 [0x0049C6B8+837304]
Ordinal0 [0x004BCAE3+969443]
Ordinal0 [0x004B86FA+952058]
Ordinal0 [0x004B5FB1+942001]
Ordinal0 [0x004E9100+1151232]
Ordinal0 [0x004E8D5A+1150298]
Ordinal0 [0x004E42B6+1131190]
Ordinal0 [0x004BE860+976992]
Ordinal0 [0x004BF756+980822]
GetHandleVerifier [0x0088CC62+2510274]
GetHandleVerifier [0x0087F760+2455744]
GetHandleVerifier [0x006AEABA+551962]
GetHandleVerifier [0x006AD916+547446]
Ordinal0 [0x005B5F3B+1990459]
Ordinal0 [0x005BA898+2009240]
Ordinal0 [0x005BA985+2009477]
Ordinal0 [0x005C3AD1+2046673]
BaseThreadInitThunk [0x7568FA29+25]
RtlGetAppContainerNamedObjectPath [0x77717A9E+286]
RtlGetAppContainerNamedObjectPath [0x77717A6E+238]

at java.base/jdk.internal.reflect.DirectConstructorHandleAccessor.newInstance(DirectConstructorHandleAccessor.java:67)
at java.base/java.lang.reflect.Constructor.newInstanceWithCaller(Constructor.java:499)
at java.base/java.lang.reflect.Constructor.newInstance(Constructor.java:483)
at org.openqa.selenium.remote.W3CHandshakeResponse.lambda$errorHandler$0(W3CHandshakeResponse.java:62)
at org.openqa.selenium.remote.HandshakeResponse.lambda$getResponseFunction$0(HandshakeResponse.java:30)
at org.openqa.selenium.remote.ProtocolHandshake.lambda$createSession$0(ProtocolHandshake.java:126)
at java.base/java.util.stream.ReferencePipeline$3$1.accept(ReferencePipeline.java:197)
at java.base/java.util.Spliterators$ArraySpliterator.tryAdvance(Spliterators.java:1002)
at java.base/java.util.stream.ReferencePipeline.forEachWithCancel(ReferencePipeline.java:129)
at java.base/java.util.stream.AbstractPipeline.copyIntoWithCancel(AbstractPipeline.java:527)
at java.base/java.util.stream.AbstractPipeline.copyInto(AbstractPipeline.java:513)
at java.base/java.util.stream.AbstractPipeline.wrapAndCopyInto(AbstractPipeline.java:499)
at java.base/java.util.stream.FindOps$FindOp.evaluateSequential(FindOps.java:150)
at java.base/java.util.stream.AbstractPipeline.evaluate(AbstractPipeline.java:234)
at java.base/java.util.stream.ReferencePipeline.findFirst(ReferencePipeline.java:647)
at org.openqa.selenium.remote.ProtocolHandshake.createSession(ProtocolHandshake.java:128)
at org.openqa.selenium.remote.ProtocolHandshake.createSession(ProtocolHandshake.java:74)
at org.openqa.selenium.remote.HttpCommandExecutor.execute(HttpCommandExecutor.java:136)
at org.openqa.selenium.remote.service.DriverCommandExecutor.execute(DriverCommandExecutor.java:83)
at org.openqa.selenium.remote.RemoteWebDriver.execute(RemoteWebDriver.java:552)
at org.openqa.selenium.remote.RemoteWebDriver.startSession(RemoteWebDriver.java:213)
at org.openqa.selenium.remote.RemoteWebDriver.<init>(RemoteWebDriver.java:131)
at org.openqa.selenium.chrome.ChromeDriver.<init>(ChromeDriver.java:181)
at org.openqa.selenium.chrome.ChromeDriver.<init>(ChromeDriver.java:168)
at org.openqa.selenium.chrome.ChromeDriver.<init>(ChromeDriver.java:123)
at AinicioTestNG.EiTestResult.beforeClass(EiTestResult.java:38)
at java.base/jdk.internal.reflect.DirectMethodHandleAccessor.invoke(DirectMethodHandleAccessor.java:104)
at java.base/java.lang.reflect.Method.invoke(Method.java:577)
at org.testng.internal.invokers.MethodInvocationHelper.invokeMethod(MethodInvocationHelper.java:135)
at org.testng.internal.invokers.MethodInvocationHelper.invokeMethodConsideringTimeout(MethodInvocationHelper.java:65)
at org.testng.internal.invokers.ConfigInvoker.invokeConfigurationMethod(ConfigInvoker.java:381)
at org.testng.internal.invokers.ConfigInvoker.invokeConfigurations(ConfigInvoker.java:319)
at org.testng.internal.invokers.TestMethodWorker.invokeBeforeClassMethods(TestMethodWorker.java:178)
at org.testng.internal.invokers.TestMethodWorker.run(TestMethodWorker.java:122)
at java.base/java.util.ArrayList.forEach(ArrayList.java:1511)
at org.testng.TestRunner.privateRun(TestRunner.java:808)
at org.testng.TestRunner.run(TestRunner.java:603)
at org.testng.SuiteRunner.runTest(SuiteRunner.java:429)
at org.testng.SuiteRunner.runSequentially(SuiteRunner.java:423)
at org.testng.SuiteRunner.privateRun(SuiteRunner.java:383)
at org.testng.SuiteRunner.run(SuiteRunner.java:326)
at org.testng.SuiteRunnerWorker.runSuite(SuiteRunnerWorker.java:52)
at org.testng.SuiteRunnerWorker.run(SuiteRunnerWorker.java:95)
at org.testng.TestNG.runSuitesSequentially(TestNG.java:1249)
at org.testng.TestNG.runSuitesLocally(TestNG.java:1169)
at org.testng.TestNG.runSuites(TestNG.java:1092)
at org.testng.TestNG.run(TestNG.java:1060)
at org.testng.remote.AbstractRemoteTestNG.run(AbstractRemoteTestNG.java:115)
at org.testng.remote.RemoteTestNG.initAndRun(RemoteTestNG.java:251)
at org.testng.remote.RemoteTestNG.main(RemoteTestNG.java:77)
]]>
            </full-stacktrace>
          </exception> <!-- org.openqa.selenium.SessionNotCreatedException -->
          <reporter-output>
          </reporter-output>
        </test-method> <!-- beforeClass -->
        <test-method is-config="true" signature="beforeMethod(org.testng.ITestResult)[pri:0, instance:AinicioTestNG.EiTestResult@1e04fa0a]" started-at="2022-09-12T09:24:14 CEST" name="beforeMethod" finished-at="2022-09-12T09:24:14 CEST" duration-ms="0" status="SKIP">
          <reporter-output>
          </reporter-output>
        </test-method> <!-- beforeMethod -->
        <test-method signature="test3()[pri:0, instance:AinicioTestNG.EiTestResult@1e04fa0a]" started-at="2022-09-12T09:24:14 CEST" name="test3" description="Verifica que es un metodo igual que el test2." finished-at="2022-09-12T09:24:14 CEST" duration-ms="1" status="SKIP">
          <exception class="org.openqa.selenium.SessionNotCreatedException">
            <message>
              <![CDATA[session not created: This version of ChromeDriver only supports Chrome version 102
Current browser version is 105.0.5195.102 with binary path C:\Program Files (x86)\Google\Chrome\Application\chrome.exe
Build info: version: '3.141.59', revision: 'e82be7d358', time: '2018-11-14T08:17:03'
System info: host: 'MR26176P', ip: '192.168.1.34', os.name: 'Windows 10', os.arch: 'amd64', os.version: '10.0', java.version: '18.0.1'
Driver info: driver.version: ChromeDriver
remote stacktrace: Backtrace:
Ordinal0 [0x0061D953+2414931]
Ordinal0 [0x005AF5E1+1963489]
Ordinal0 [0x0049C6B8+837304]
Ordinal0 [0x004BCAE3+969443]
Ordinal0 [0x004B86FA+952058]
Ordinal0 [0x004B5FB1+942001]
Ordinal0 [0x004E9100+1151232]
Ordinal0 [0x004E8D5A+1150298]
Ordinal0 [0x004E42B6+1131190]
Ordinal0 [0x004BE860+976992]
Ordinal0 [0x004BF756+980822]
GetHandleVerifier [0x0088CC62+2510274]
GetHandleVerifier [0x0087F760+2455744]
GetHandleVerifier [0x006AEABA+551962]
GetHandleVerifier [0x006AD916+547446]
Ordinal0 [0x005B5F3B+1990459]
Ordinal0 [0x005BA898+2009240]
Ordinal0 [0x005BA985+2009477]
Ordinal0 [0x005C3AD1+2046673]
BaseThreadInitThunk [0x7568FA29+25]
RtlGetAppContainerNamedObjectPath [0x77717A9E+286]
RtlGetAppContainerNamedObjectPath [0x77717A6E+238]
]]>
            </message>
            <full-stacktrace>
              <![CDATA[org.openqa.selenium.SessionNotCreatedException: session not created: This version of ChromeDriver only supports Chrome version 102
Current browser version is 105.0.5195.102 with binary path C:\Program Files (x86)\Google\Chrome\Application\chrome.exe
Build info: version: '3.141.59', revision: 'e82be7d358', time: '2018-11-14T08:17:03'
System info: host: 'MR26176P', ip: '192.168.1.34', os.name: 'Windows 10', os.arch: 'amd64', os.version: '10.0', java.version: '18.0.1'
Driver info: driver.version: ChromeDriver
remote stacktrace: Backtrace:
Ordinal0 [0x0061D953+2414931]
Ordinal0 [0x005AF5E1+1963489]
Ordinal0 [0x0049C6B8+837304]
Ordinal0 [0x004BCAE3+969443]
Ordinal0 [0x004B86FA+952058]
Ordinal0 [0x004B5FB1+942001]
Ordinal0 [0x004E9100+1151232]
Ordinal0 [0x004E8D5A+1150298]
Ordinal0 [0x004E42B6+1131190]
Ordinal0 [0x004BE860+976992]
Ordinal0 [0x004BF756+980822]
GetHandleVerifier [0x0088CC62+2510274]
GetHandleVerifier [0x0087F760+2455744]
GetHandleVerifier [0x006AEABA+551962]
GetHandleVerifier [0x006AD916+547446]
Ordinal0 [0x005B5F3B+1990459]
Ordinal0 [0x005BA898+2009240]
Ordinal0 [0x005BA985+2009477]
Ordinal0 [0x005C3AD1+2046673]
BaseThreadInitThunk [0x7568FA29+25]
RtlGetAppContainerNamedObjectPath [0x77717A9E+286]
RtlGetAppContainerNamedObjectPath [0x77717A6E+238]

at java.base/jdk.internal.reflect.DirectConstructorHandleAccessor.newInstance(DirectConstructorHandleAccessor.java:67)
at java.base/java.lang.reflect.Constructor.newInstanceWithCaller(Constructor.java:499)
at java.base/java.lang.reflect.Constructor.newInstance(Constructor.java:483)
at org.openqa.selenium.remote.W3CHandshakeResponse.lambda$errorHandler$0(W3CHandshakeResponse.java:62)
at org.openqa.selenium.remote.HandshakeResponse.lambda$getResponseFunction$0(HandshakeResponse.java:30)
at org.openqa.selenium.remote.ProtocolHandshake.lambda$createSession$0(ProtocolHandshake.java:126)
at java.base/java.util.stream.ReferencePipeline$3$1.accept(ReferencePipeline.java:197)
at java.base/java.util.Spliterators$ArraySpliterator.tryAdvance(Spliterators.java:1002)
at java.base/java.util.stream.ReferencePipeline.forEachWithCancel(ReferencePipeline.java:129)
at java.base/java.util.stream.AbstractPipeline.copyIntoWithCancel(AbstractPipeline.java:527)
at java.base/java.util.stream.AbstractPipeline.copyInto(AbstractPipeline.java:513)
at java.base/java.util.stream.AbstractPipeline.wrapAndCopyInto(AbstractPipeline.java:499)
at java.base/java.util.stream.FindOps$FindOp.evaluateSequential(FindOps.java:150)
at java.base/java.util.stream.AbstractPipeline.evaluate(AbstractPipeline.java:234)
at java.base/java.util.stream.ReferencePipeline.findFirst(ReferencePipeline.java:647)
at org.openqa.selenium.remote.ProtocolHandshake.createSession(ProtocolHandshake.java:128)
at org.openqa.selenium.remote.ProtocolHandshake.createSession(ProtocolHandshake.java:74)
at org.openqa.selenium.remote.HttpCommandExecutor.execute(HttpCommandExecutor.java:136)
at org.openqa.selenium.remote.service.DriverCommandExecutor.execute(DriverCommandExecutor.java:83)
at org.openqa.selenium.remote.RemoteWebDriver.execute(RemoteWebDriver.java:552)
at org.openqa.selenium.remote.RemoteWebDriver.startSession(RemoteWebDriver.java:213)
at org.openqa.selenium.remote.RemoteWebDriver.<init>(RemoteWebDriver.java:131)
at org.openqa.selenium.chrome.ChromeDriver.<init>(ChromeDriver.java:181)
at org.openqa.selenium.chrome.ChromeDriver.<init>(ChromeDriver.java:168)
at org.openqa.selenium.chrome.ChromeDriver.<init>(ChromeDriver.java:123)
at AinicioTestNG.EiTestResult.beforeClass(EiTestResult.java:38)
at java.base/jdk.internal.reflect.DirectMethodHandleAccessor.invoke(DirectMethodHandleAccessor.java:104)
at java.base/java.lang.reflect.Method.invoke(Method.java:577)
at org.testng.internal.invokers.MethodInvocationHelper.invokeMethod(MethodInvocationHelper.java:135)
at org.testng.internal.invokers.MethodInvocationHelper.invokeMethodConsideringTimeout(MethodInvocationHelper.java:65)
at org.testng.internal.invokers.ConfigInvoker.invokeConfigurationMethod(ConfigInvoker.java:381)
at org.testng.internal.invokers.ConfigInvoker.invokeConfigurations(ConfigInvoker.java:319)
at org.testng.internal.invokers.TestMethodWorker.invokeBeforeClassMethods(TestMethodWorker.java:178)
at org.testng.internal.invokers.TestMethodWorker.run(TestMethodWorker.java:122)
at java.base/java.util.ArrayList.forEach(ArrayList.java:1511)
at org.testng.TestRunner.privateRun(TestRunner.java:808)
at org.testng.TestRunner.run(TestRunner.java:603)
at org.testng.SuiteRunner.runTest(SuiteRunner.java:429)
at org.testng.SuiteRunner.runSequentially(SuiteRunner.java:423)
at org.testng.SuiteRunner.privateRun(SuiteRunner.java:383)
at org.testng.SuiteRunner.run(SuiteRunner.java:326)
at org.testng.SuiteRunnerWorker.runSuite(SuiteRunnerWorker.java:52)
at org.testng.SuiteRunnerWorker.run(SuiteRunnerWorker.java:95)
at org.testng.TestNG.runSuitesSequentially(TestNG.java:1249)
at org.testng.TestNG.runSuitesLocally(TestNG.java:1169)
at org.testng.TestNG.runSuites(TestNG.java:1092)
at org.testng.TestNG.run(TestNG.java:1060)
at org.testng.remote.AbstractRemoteTestNG.run(AbstractRemoteTestNG.java:115)
at org.testng.remote.RemoteTestNG.initAndRun(RemoteTestNG.java:251)
at org.testng.remote.RemoteTestNG.main(RemoteTestNG.java:77)
]]>
            </full-stacktrace>
          </exception> <!-- org.openqa.selenium.SessionNotCreatedException -->
          <reporter-output>
          </reporter-output>
        </test-method> <!-- test3 -->
        <test-method is-config="true" signature="afterMethod()[pri:0, instance:AinicioTestNG.EiTestResult@1e04fa0a]" started-at="2022-09-12T09:24:14 CEST" name="afterMethod" finished-at="2022-09-12T09:24:14 CEST" duration-ms="0" status="SKIP">
          <reporter-output>
          </reporter-output>
        </test-method> <!-- afterMethod -->
        <test-method is-config="true" signature="afterClass()[pri:0, instance:AinicioTestNG.EiTestResult@1e04fa0a]" started-at="2022-09-12T09:24:14 CEST" name="afterClass" finished-at="2022-09-12T09:24:14 CEST" duration-ms="0" status="SKIP">
          <reporter-output>
          </reporter-output>
        </test-method> <!-- afterClass -->
        <test-method is-config="true" signature="afterTest()[pri:0, instance:AinicioTestNG.EiTestResult@1e04fa0a]" started-at="2022-09-12T09:24:14 CEST" name="afterTest" finished-at="2022-09-12T09:24:14 CEST" duration-ms="0" status="SKIP">
          <reporter-output>
          </reporter-output>
        </test-method> <!-- afterTest -->
        <test-method is-config="true" signature="afterSuite()[pri:0, instance:AinicioTestNG.EiTestResult@1e04fa0a]" started-at="2022-09-12T09:24:14 CEST" name="afterSuite" finished-at="2022-09-12T09:24:14 CEST" duration-ms="0" status="SKIP">
          <reporter-output>
          </reporter-output>
        </test-method> <!-- afterSuite -->
      </class> <!-- AinicioTestNG.EiTestResult -->
    </test> <!-- Default test -->
  </suite> <!-- Default suite -->
</testng-results>
